<?xml version="1.0" encoding="UTF-8"?>
<!-- Generated by org.testng.reporters.JUnitReportReporter -->
<testsuite hostname="L020HYDW10" name="sangeetha.MMS.Styleguide" tests="3" failures="0" timestamp="20 Jan 2020 13:14:54 GMT" time="1.461" errors="0">
  <testcase name="json" time="0.965" classname="sangeetha.MMS.Styleguide"/>
  <testcase name="headmenu" time="0.468" classname="sangeetha.MMS.Styleguide"/>
  <testcase name="styleoptions" time="0.028" classname="sangeetha.MMS.Styleguide"/>
</testsuite> <!-- sangeetha.MMS.Styleguide -->
